<?xml version="1.0" encoding="UTF-8"?>
<!-- Generated by org.testng.reporters.JUnitReportReporter -->
<testsuite hostname="Sachin_Jadhav" name="myPackage.myClass" tests="1" failures="0" timestamp="26 Jun 2018 07:45:51 GMT" time="0.010" errors="0">
  <testcase name="openGoogle" time="0.010" classname="myPackage.myClass"/>
</testsuite> <!-- myPackage.myClass -->
